<?xml version="1.0" encoding="UTF-8"?>
<testng-results ignored="0" total="1" passed="1" failed="0" skipped="0">
  <reporter-output>
  </reporter-output>
  <suite started-at="2024-01-09T18:31:01 IST" name="Default suite" finished-at="2024-01-09T18:31:13 IST" duration-ms="11774">
    <groups>
    </groups>
    <test started-at="2024-01-09T18:31:01 IST" name="Default test" finished-at="2024-01-09T18:31:13 IST" duration-ms="11774">
      <class name="test.logintest">
        <test-method is-config="true" signature="setup()[pri:0, instance:test.logintest@5ddeb7cb]" started-at="2024-01-09T18:31:01 IST" name="setup" finished-at="2024-01-09T18:31:09 IST" duration-ms="7787" status="PASS">
          <reporter-output>
          </reporter-output>
        </test-method> <!-- setup -->
        <test-method signature="testLogin()[pri:0, instance:test.logintest@5ddeb7cb]" started-at="2024-01-09T18:31:09 IST" name="testLogin" finished-at="2024-01-09T18:31:12 IST" duration-ms="3932" status="PASS">
          <reporter-output>
          </reporter-output>
        </test-method> <!-- testLogin -->
      </class> <!-- test.logintest -->
    </test> <!-- Default test -->
  </suite> <!-- Default suite -->
</testng-results>
